<?xml version="1.0" encoding="UTF-8"?>
<testng-results skipped="1" failed="1" total="6" passed="4">
  <reporter-output>
  </reporter-output>
  <suite name="CRMPRO Test suite" duration-ms="175141" started-at="2019-03-09T00:43:26Z" finished-at="2019-03-09T00:46:22Z">
    <groups>
    </groups>
    <test name="CRMPRO testing feature" duration-ms="175141" started-at="2019-03-09T00:43:26Z" finished-at="2019-03-09T00:46:22Z">
      <class name="com.crmpro.testCase.HomePageTest">
        <test-method status="PASS" signature="setUp(java.lang.String, java.lang.String)" name="setUp" is-config="true" duration-ms="17082" started-at="2019-03-09T00:44:24Z" finished-at="2019-03-09T00:44:41Z">
          <params>
            <param index="0">
              <value>
                <![CDATA[sakhaout]]>
              </value>
            </param>
            <param index="1">
              <value>
                <![CDATA[Sakhaout8]]>
              </value>
            </param>
          </params>
        </test-method>
        <test-method status="PASS" signature="printAllLink()" name="printAllLink" duration-ms="11076" started-at="2019-03-09T00:44:41Z" finished-at="2019-03-09T00:44:52Z">
        </test-method>
        <test-method status="PASS" signature="closeDown()" name="closeDown" is-config="true" duration-ms="192" started-at="2019-03-09T00:44:52Z" finished-at="2019-03-09T00:44:52Z">
        </test-method>
        <test-method status="PASS" signature="setUp(java.lang.String, java.lang.String)" name="setUp" is-config="true" duration-ms="19895" started-at="2019-03-09T00:44:52Z" finished-at="2019-03-09T00:45:12Z">
          <params>
            <param index="0">
              <value>
                <![CDATA[sakhaout]]>
              </value>
            </param>
            <param index="1">
              <value>
                <![CDATA[Sakhaout8]]>
              </value>
            </param>
          </params>
        </test-method>
        <test-method status="PASS" signature="varifyContactLink()" name="varifyContactLink" duration-ms="4726" started-at="2019-03-09T00:45:12Z" finished-at="2019-03-09T00:45:17Z">
        </test-method>
        <test-method status="PASS" signature="closeDown()" name="closeDown" is-config="true" duration-ms="291" started-at="2019-03-09T00:45:17Z" finished-at="2019-03-09T00:45:17Z">
        </test-method>
        <test-method status="PASS" signature="setUp(java.lang.String, java.lang.String)" name="setUp" is-config="true" duration-ms="22060" started-at="2019-03-09T00:45:17Z" finished-at="2019-03-09T00:45:39Z">
          <params>
            <param index="0">
              <value>
                <![CDATA[sakhaout]]>
              </value>
            </param>
            <param index="1">
              <value>
                <![CDATA[Sakhaout8]]>
              </value>
            </param>
          </params>
        </test-method>
        <test-method status="PASS" signature="varifyLogout()" name="varifyLogout" duration-ms="2839" started-at="2019-03-09T00:45:39Z" finished-at="2019-03-09T00:45:42Z">
        </test-method>
        <test-method status="PASS" signature="closeDown()" name="closeDown" is-config="true" duration-ms="163" started-at="2019-03-09T00:45:42Z" finished-at="2019-03-09T00:45:42Z">
        </test-method>
        <test-method status="PASS" signature="setUp(java.lang.String, java.lang.String)" name="setUp" is-config="true" duration-ms="17614" started-at="2019-03-09T00:45:42Z" finished-at="2019-03-09T00:46:00Z">
          <params>
            <param index="0">
              <value>
                <![CDATA[sakhaout]]>
              </value>
            </param>
            <param index="1">
              <value>
                <![CDATA[Sakhaout8]]>
              </value>
            </param>
          </params>
        </test-method>
        <test-method status="PASS" signature="varifyTable()" name="varifyTable" duration-ms="2809" started-at="2019-03-09T00:46:00Z" finished-at="2019-03-09T00:46:02Z">
        </test-method>
        <test-method status="PASS" signature="closeDown()" name="closeDown" is-config="true" duration-ms="492" started-at="2019-03-09T00:46:02Z" finished-at="2019-03-09T00:46:03Z">
        </test-method>
      </class>
      <class name="com.crmpro.testCase.HelpPageTest">
        <test-method status="FAIL" signature="setUp(java.lang.String, java.lang.String)" name="setUp" is-config="true" duration-ms="0" started-at="2019-03-09T00:43:27Z" finished-at="2019-03-09T00:43:27Z">
          <params>
            <param index="0">
              <value>
                <![CDATA[sakhaout]]>
              </value>
            </param>
            <param index="1">
              <value>
                <![CDATA[Sakhaout8]]>
              </value>
            </param>
          </params>
          <exception class="org.openqa.selenium.NoSuchFrameException">
            <message>
              <![CDATA[No frame element found by name or id mainpanel
Build info: version: '3.6.0', revision: '6fbf3ec767', time: '2017-09-27T15:28:36.4Z'
System info: host: 'DESKTOP-15D6S6Q', ip: '10.11.2.235', os.name: 'Windows 10', os.arch: 'amd64', os.version: '10.0', java.version: '1.8.0_191'
Driver info: driver.version: unknown]]>
            </message>
            <full-stacktrace>
              <![CDATA[org.openqa.selenium.NoSuchFrameException: No frame element found by name or id mainpanel
Build info: version: '3.6.0', revision: '6fbf3ec767', time: '2017-09-27T15:28:36.4Z'
System info: host: 'DESKTOP-15D6S6Q', ip: '10.11.2.235', os.name: 'Windows 10', os.arch: 'amd64', os.version: '10.0', java.version: '1.8.0_191'
Driver info: driver.version: unknown
	at org.openqa.selenium.remote.RemoteWebDriver$RemoteTargetLocator.frame(RemoteWebDriver.java:925)
	at com.crmpro.testCase.HelpPageTest.setUp(HelpPageTest.java:34)
	at sun.reflect.NativeMethodAccessorImpl.invoke0(Native Method)
	at sun.reflect.NativeMethodAccessorImpl.invoke(Unknown Source)
	at sun.reflect.DelegatingMethodAccessorImpl.invoke(Unknown Source)
	at java.lang.reflect.Method.invoke(Unknown Source)
	at org.testng.internal.MethodInvocationHelper.invokeMethod(MethodInvocationHelper.java:80)
	at org.testng.internal.Invoker.invokeConfigurationMethod(Invoker.java:525)
	at org.testng.internal.Invoker.invokeConfigurations(Invoker.java:202)
	at org.testng.internal.Invoker.invokeMethod(Invoker.java:613)
	at org.testng.internal.Invoker.invokeTestMethod(Invoker.java:842)
	at org.testng.internal.Invoker.invokeTestMethods(Invoker.java:1166)
	at org.testng.internal.TestMethodWorker.invokeTestMethods(TestMethodWorker.java:125)
	at org.testng.internal.TestMethodWorker.run(TestMethodWorker.java:109)
	at org.testng.TestRunner.runWorkers(TestRunner.java:1178)
	at org.testng.TestRunner.privateRun(TestRunner.java:757)
	at org.testng.TestRunner.run(TestRunner.java:608)
	at org.testng.SuiteRunner.runTest(SuiteRunner.java:334)
	at org.testng.SuiteRunner.runSequentially(SuiteRunner.java:329)
	at org.testng.SuiteRunner.privateRun(SuiteRunner.java:291)
	at org.testng.SuiteRunner.run(SuiteRunner.java:240)
	at org.testng.SuiteRunnerWorker.runSuite(SuiteRunnerWorker.java:52)
	at org.testng.SuiteRunnerWorker.run(SuiteRunnerWorker.java:86)
	at org.testng.TestNG.runSuitesSequentially(TestNG.java:1158)
	at org.testng.TestNG.runSuitesLocally(TestNG.java:1083)
	at org.testng.TestNG.run(TestNG.java:999)
	at org.apache.maven.surefire.testng.TestNGExecutor.run(TestNGExecutor.java:283)
	at org.apache.maven.surefire.testng.TestNGXmlTestSuite.execute(TestNGXmlTestSuite.java:75)
	at org.apache.maven.surefire.testng.TestNGProvider.invoke(TestNGProvider.java:120)
	at org.apache.maven.surefire.booter.ForkedBooter.invokeProviderInSameClassLoader(ForkedBooter.java:384)
	at org.apache.maven.surefire.booter.ForkedBooter.runSuitesInProcess(ForkedBooter.java:345)
	at org.apache.maven.surefire.booter.ForkedBooter.execute(ForkedBooter.java:126)
	at org.apache.maven.surefire.booter.ForkedBooter.main(ForkedBooter.java:418)
]]>
            </full-stacktrace>
          </exception>
        </test-method>
        <test-method status="SKIP" signature="getLink()" name="getLink" duration-ms="3" started-at="2019-03-09T00:44:24Z" finished-at="2019-03-09T00:44:24Z">
        </test-method>
        <test-method status="SKIP" signature="closeDown()" name="closeDown" is-config="true" duration-ms="0" started-at="2019-03-09T00:44:24Z" finished-at="2019-03-09T00:44:24Z">
        </test-method>
      </class>
      <class name="com.crmpro.testCase.LogInPageTest">
        <test-method status="PASS" signature="setUp()" name="setUp" is-config="true" duration-ms="10464" started-at="2019-03-09T00:46:03Z" finished-at="2019-03-09T00:46:13Z">
        </test-method>
        <test-method status="FAIL" signature="LogInTest(java.lang.String, java.lang.String)" name="LogInTest" duration-ms="794" started-at="2019-03-09T00:46:13Z" finished-at="2019-03-09T00:46:14Z">
          <params>
            <param index="0">
              <value>
                <![CDATA[sakhaout]]>
              </value>
            </param>
            <param index="1">
              <value>
                <![CDATA[Sakhaout8]]>
              </value>
            </param>
          </params>
          <exception class="java.lang.AssertionError">
            <message>
              <![CDATA[expected:<CRMPRO> but was:<CRMPRO - CRM software for customer relationship management, sales, and support.>]]>
            </message>
            <full-stacktrace>
              <![CDATA[java.lang.AssertionError: expected:<CRMPRO> but was:<CRMPRO - CRM software for customer relationship management, sales, and support.>
	at org.testng.Assert.fail(Assert.java:89)
	at org.testng.Assert.failNotEquals(Assert.java:489)
	at org.testng.Assert.assertEquals(Assert.java:118)
	at org.testng.Assert.assertEquals(Assert.java:171)
	at org.testng.Assert.assertEquals(Assert.java:181)
	at com.crmpro.testCase.LogInPageTest.LogInTest(LogInPageTest.java:41)
	at sun.reflect.NativeMethodAccessorImpl.invoke0(Native Method)
	at sun.reflect.NativeMethodAccessorImpl.invoke(Unknown Source)
	at sun.reflect.DelegatingMethodAccessorImpl.invoke(Unknown Source)
	at java.lang.reflect.Method.invoke(Unknown Source)
	at org.testng.internal.MethodInvocationHelper.invokeMethod(MethodInvocationHelper.java:80)
	at org.testng.internal.Invoker.invokeMethod(Invoker.java:673)
	at org.testng.internal.Invoker.invokeTestMethod(Invoker.java:842)
	at org.testng.internal.Invoker.invokeTestMethods(Invoker.java:1166)
	at org.testng.internal.TestMethodWorker.invokeTestMethods(TestMethodWorker.java:125)
	at org.testng.internal.TestMethodWorker.run(TestMethodWorker.java:109)
	at org.testng.TestRunner.runWorkers(TestRunner.java:1178)
	at org.testng.TestRunner.privateRun(TestRunner.java:757)
	at org.testng.TestRunner.run(TestRunner.java:608)
	at org.testng.SuiteRunner.runTest(SuiteRunner.java:334)
	at org.testng.SuiteRunner.runSequentially(SuiteRunner.java:329)
	at org.testng.SuiteRunner.privateRun(SuiteRunner.java:291)
	at org.testng.SuiteRunner.run(SuiteRunner.java:240)
	at org.testng.SuiteRunnerWorker.runSuite(SuiteRunnerWorker.java:52)
	at org.testng.SuiteRunnerWorker.run(SuiteRunnerWorker.java:86)
	at org.testng.TestNG.runSuitesSequentially(TestNG.java:1158)
	at org.testng.TestNG.runSuitesLocally(TestNG.java:1083)
	at org.testng.TestNG.run(TestNG.java:999)
	at org.apache.maven.surefire.testng.TestNGExecutor.run(TestNGExecutor.java:283)
	at org.apache.maven.surefire.testng.TestNGXmlTestSuite.execute(TestNGXmlTestSuite.java:75)
	at org.apache.maven.surefire.testng.TestNGProvider.invoke(TestNGProvider.java:120)
	at org.apache.maven.surefire.booter.ForkedBooter.invokeProviderInSameClassLoader(ForkedBooter.java:384)
	at org.apache.maven.surefire.booter.ForkedBooter.runSuitesInProcess(ForkedBooter.java:345)
	at org.apache.maven.surefire.booter.ForkedBooter.execute(ForkedBooter.java:126)
	at org.apache.maven.surefire.booter.ForkedBooter.main(ForkedBooter.java:418)
]]>
            </full-stacktrace>
          </exception>
        </test-method>
        <test-method status="PASS" signature="closeDown()" name="closeDown" is-config="true" duration-ms="148" started-at="2019-03-09T00:46:21Z" finished-at="2019-03-09T00:46:22Z">
        </test-method>
      </class>
    </test>
  </suite>
</testng-results>
